<?xml version="1.0" encoding="UTF-8"?>
<testsuite name="SILab2Test" tests="2" skipped="0" failures="0" errors="0" timestamp="2022-05-27T17:29:28" hostname="ACKO" time="0.015">
  <properties/>
  <testcase name="everyStatementTest()" classname="SILab2Test" time="0.014"/>
  <testcase name="everyBranchTest()" classname="SILab2Test" time="0.001"/>
  <system-out><![CDATA[]]></system-out>
  <system-err><![CDATA[]]></system-err>
</testsuite>
